06-Mar-2023 09:10:47.126 WARNING [main] org.apache.tomcat.util.digester.SetPropertiesRule.begin Match [Server/Service/Connector] failed to set property [SSLProtocol] to [TLSv1+TLSv1.1+TLSv1.2]
06-Mar-2023 09:10:47.180 WARNING [main] org.apache.tomcat.util.digester.SetPropertiesRule.begin Match [Server/Service/Connector] failed to set property [SSLVerifyClient] to [optional]
06-Mar-2023 09:10:47.180 WARNING [main] org.apache.tomcat.util.digester.SetPropertiesRule.begin Match [Server/Service/Connector] failed to set property [SSLPassword] to [changeit]
06-Mar-2023 09:10:47.180 WARNING [main] org.apache.tomcat.util.digester.SetPropertiesRule.begin Match [Server/Service/Connector] failed to set property [SSLCertificateFile] to [C:\ERPRev\Server\t\bin\cc.sh]
06-Mar-2023 09:10:47.195 WARNING [main] org.apache.tomcat.util.digester.SetPropertiesRule.begin Match [Server/Service/Connector] failed to set property [SSLCertificateKeyFile] to [C:\ERPRev\Server\t\bin\ck.sh]
06-Mar-2023 09:10:47.195 WARNING [main] org.apache.tomcat.util.digester.SetPropertiesRule.begin Match [Server/Service/Connector] failed to set property [SSLCertificateChainFile] to [C:\ERPRev\Server\t\webapps\ROOT\root.der]
06-Mar-2023 09:10:47.311 WARNING [main] org.apache.tomcat.util.digester.SetPropertiesRule.begin Match [Server/Service/Engine/Host/Valve] failed to set property [resolveHosts] to [false]
06-Mar-2023 09:10:47.380 INFO [main] org.apache.catalina.core.AprLifecycleListener.lifecycleEvent Loaded Apache Tomcat Native library [1.2.32] using APR version [1.7.0].
06-Mar-2023 09:10:47.380 INFO [main] org.apache.catalina.core.AprLifecycleListener.lifecycleEvent APR capabilities: IPv6 [true], sendfile [true], accept filters [false], random [true], UDS [true].
06-Mar-2023 09:10:47.396 INFO [main] org.apache.catalina.core.AprLifecycleListener.initializeSSL OpenSSL successfully initialized [OpenSSL 1.1.1n  15 Mar 2022]
06-Mar-2023 09:10:49.248 INFO [main] org.apache.coyote.AbstractProtocol.init Initializing ProtocolHandler ["http-nio-80"]
06-Mar-2023 09:10:49.295 SEVERE [main] org.apache.catalina.util.LifecycleBase.handleSubClassException Failed to initialize component [Connector[HTTP/1.1-80]]
	org.apache.catalina.LifecycleException: Protocol handler initialization failed
		at org.apache.catalina.connector.Connector.initInternal(Connector.java:1055)
		at org.apache.catalina.util.LifecycleBase.init(LifecycleBase.java:136)
		at org.apache.catalina.core.StandardService.initInternal(StandardService.java:556)
		at org.apache.catalina.util.LifecycleBase.init(LifecycleBase.java:136)
		at org.apache.catalina.core.StandardServer.initInternal(StandardServer.java:1042)
		at org.apache.catalina.util.LifecycleBase.init(LifecycleBase.java:136)
		at org.apache.catalina.startup.Catalina.load(Catalina.java:747)
		at org.apache.catalina.startup.Catalina.load(Catalina.java:769)
		at sun.reflect.NativeMethodAccessorImpl.invoke0(Native Method)
		at sun.reflect.NativeMethodAccessorImpl.invoke(NativeMethodAccessorImpl.java:62)
		at sun.reflect.DelegatingMethodAccessorImpl.invoke(DelegatingMethodAccessorImpl.java:43)
		at java.lang.reflect.Method.invoke(Method.java:498)
		at org.apache.catalina.startup.Bootstrap.load(Bootstrap.java:305)
		at org.apache.catalina.startup.Bootstrap.main(Bootstrap.java:475)
	Caused by: java.net.BindException: Address already in use: bind
		at sun.nio.ch.Net.bind0(Native Method)
		at sun.nio.ch.Net.bind(Net.java:433)
		at sun.nio.ch.Net.bind(Net.java:425)
		at sun.nio.ch.ServerSocketChannelImpl.bind(ServerSocketChannelImpl.java:223)
		at org.apache.tomcat.util.net.NioEndpoint.initServerSocket(NioEndpoint.java:245)
		at org.apache.tomcat.util.net.NioEndpoint.bind(NioEndpoint.java:200)
		at org.apache.tomcat.util.net.AbstractEndpoint.bindWithCleanup(AbstractEndpoint.java:1192)
		at org.apache.tomcat.util.net.AbstractEndpoint.init(AbstractEndpoint.java:1205)
		at org.apache.coyote.AbstractProtocol.init(AbstractProtocol.java:580)
		at org.apache.coyote.http11.AbstractHttp11Protocol.init(AbstractHttp11Protocol.java:82)
		at org.apache.catalina.connector.Connector.initInternal(Connector.java:1052)
		... 13 more
06-Mar-2023 09:10:49.295 INFO [main] org.apache.coyote.AbstractProtocol.init Initializing ProtocolHandler ["https-openssl-apr-81"]
06-Mar-2023 09:10:49.311 SEVERE [main] org.apache.catalina.util.LifecycleBase.handleSubClassException Failed to initialize component [Connector[org.apache.coyote.http11.Http11AprProtocol-81]]
	org.apache.catalina.LifecycleException: Protocol handler initialization failed
		at org.apache.catalina.connector.Connector.initInternal(Connector.java:1055)
		at org.apache.catalina.util.LifecycleBase.init(LifecycleBase.java:136)
		at org.apache.catalina.core.StandardService.initInternal(StandardService.java:556)
		at org.apache.catalina.util.LifecycleBase.init(LifecycleBase.java:136)
		at org.apache.catalina.core.StandardServer.initInternal(StandardServer.java:1042)
		at org.apache.catalina.util.LifecycleBase.init(LifecycleBase.java:136)
		at org.apache.catalina.startup.Catalina.load(Catalina.java:747)
		at org.apache.catalina.startup.Catalina.load(Catalina.java:769)
		at sun.reflect.NativeMethodAccessorImpl.invoke0(Native Method)
		at sun.reflect.NativeMethodAccessorImpl.invoke(NativeMethodAccessorImpl.java:62)
		at sun.reflect.DelegatingMethodAccessorImpl.invoke(DelegatingMethodAccessorImpl.java:43)
		at java.lang.reflect.Method.invoke(Method.java:498)
		at org.apache.catalina.startup.Bootstrap.load(Bootstrap.java:305)
		at org.apache.catalina.startup.Bootstrap.main(Bootstrap.java:475)
	Caused by: java.lang.IllegalArgumentException: No SSLHostConfig element was found with the hostName [_default_] to match the defaultSSLHostConfigName for the connector [https-openssl-apr-81]
		at org.apache.tomcat.util.net.AprEndpoint.bind(AprEndpoint.java:436)
		at org.apache.tomcat.util.net.AbstractEndpoint.bindWithCleanup(AbstractEndpoint.java:1192)
		at org.apache.tomcat.util.net.AbstractEndpoint.init(AbstractEndpoint.java:1205)
		at org.apache.coyote.AbstractProtocol.init(AbstractProtocol.java:580)
		at org.apache.coyote.http11.AbstractHttp11Protocol.init(AbstractHttp11Protocol.java:82)
		at org.apache.catalina.connector.Connector.initInternal(Connector.java:1052)
		... 13 more
06-Mar-2023 09:10:49.311 INFO [main] org.apache.catalina.startup.Catalina.load Server initialization in [2701] milliseconds
06-Mar-2023 09:10:49.426 INFO [main] org.apache.catalina.core.StandardService.startInternal Starting service [Catalina]
06-Mar-2023 09:10:49.426 INFO [main] org.apache.catalina.core.StandardEngine.startInternal Starting Servlet engine: [Apache Tomcat/10.0.20]
06-Mar-2023 09:10:49.464 INFO [main] org.apache.catalina.startup.HostConfig.deployDirectory Deploying web application directory [C:\ERPRev\Server\t\webapps\ROOT]
06-Mar-2023 09:10:57.594 INFO [main] org.apache.jasper.servlet.TldScanner.scanJars At least one JAR was scanned for TLDs yet contained no TLDs. Enable debug logging for this logger for a complete list of JARs that were scanned but no TLDs were found in them. Skipping unneeded JARs during scanning can improve startup time and JSP compilation time.
06-Mar-2023 09:10:58.889 WARNING [main] org.apache.catalina.util.SessionIdGeneratorBase.createSecureRandom Creation of SecureRandom instance for session ID generation using [SHA1PRNG] took [1,015] milliseconds.
06-Mar-2023 09:10:58.980 INFO [main] org.apache.catalina.startup.HostConfig.deployDirectory Deployment of web application directory [C:\ERPRev\Server\t\webapps\ROOT] has finished in [9,516] ms
06-Mar-2023 09:10:59.020 INFO [main] org.apache.catalina.startup.Catalina.start Server startup in [9708] milliseconds
06-Mar-2023 09:13:05.505 INFO [main] org.apache.catalina.core.StandardServer.await A valid shutdown command was received via the shutdown port. Stopping the Server instance.
06-Mar-2023 09:13:05.505 INFO [main] org.apache.coyote.AbstractProtocol.pause Pausing ProtocolHandler ["http-nio-80"]
06-Mar-2023 09:13:05.505 INFO [main] org.apache.coyote.AbstractProtocol.pause Pausing ProtocolHandler ["https-openssl-apr-81"]
06-Mar-2023 09:13:05.505 INFO [main] org.apache.catalina.core.StandardService.stopInternal Stopping service [Catalina]
06-Mar-2023 09:13:05.606 INFO [main] org.apache.coyote.AbstractProtocol.stop Stopping ProtocolHandler ["http-nio-80"]
06-Mar-2023 09:13:05.606 INFO [main] org.apache.coyote.AbstractProtocol.destroy Destroying ProtocolHandler ["http-nio-80"]
06-Mar-2023 09:13:05.621 INFO [main] org.apache.coyote.AbstractProtocol.stop Stopping ProtocolHandler ["https-openssl-apr-81"]
06-Mar-2023 09:13:05.621 INFO [main] org.apache.coyote.AbstractProtocol.destroy Destroying ProtocolHandler ["https-openssl-apr-81"]
06-Mar-2023 09:13:34.488 WARNING [main] org.apache.tomcat.util.digester.SetPropertiesRule.begin Match [Server/Service/Connector] failed to set property [SSLProtocol] to [TLSv1+TLSv1.1+TLSv1.2]
06-Mar-2023 09:13:34.504 WARNING [main] org.apache.tomcat.util.digester.SetPropertiesRule.begin Match [Server/Service/Connector] failed to set property [SSLVerifyClient] to [optional]
06-Mar-2023 09:13:34.504 WARNING [main] org.apache.tomcat.util.digester.SetPropertiesRule.begin Match [Server/Service/Connector] failed to set property [SSLPassword] to [changeit]
06-Mar-2023 09:13:34.504 WARNING [main] org.apache.tomcat.util.digester.SetPropertiesRule.begin Match [Server/Service/Connector] failed to set property [SSLCertificateFile] to [C:\ERPRev\Server\t\bin\cc.sh]
06-Mar-2023 09:13:34.504 WARNING [main] org.apache.tomcat.util.digester.SetPropertiesRule.begin Match [Server/Service/Connector] failed to set property [SSLCertificateKeyFile] to [C:\ERPRev\Server\t\bin\ck.sh]
06-Mar-2023 09:13:34.504 WARNING [main] org.apache.tomcat.util.digester.SetPropertiesRule.begin Match [Server/Service/Connector] failed to set property [SSLCertificateChainFile] to [C:\ERPRev\Server\t\webapps\ROOT\root.der]
06-Mar-2023 09:13:34.620 WARNING [main] org.apache.tomcat.util.digester.SetPropertiesRule.begin Match [Server/Service/Engine/Host/Valve] failed to set property [resolveHosts] to [false]
06-Mar-2023 09:13:34.620 INFO [main] org.apache.catalina.core.AprLifecycleListener.lifecycleEvent Loaded Apache Tomcat Native library [1.2.32] using APR version [1.7.0].
06-Mar-2023 09:13:34.620 INFO [main] org.apache.catalina.core.AprLifecycleListener.lifecycleEvent APR capabilities: IPv6 [true], sendfile [true], accept filters [false], random [true], UDS [true].
06-Mar-2023 09:13:34.651 INFO [main] org.apache.catalina.core.AprLifecycleListener.initializeSSL OpenSSL successfully initialized [OpenSSL 1.1.1n  15 Mar 2022]
06-Mar-2023 09:13:35.859 INFO [main] org.apache.coyote.AbstractProtocol.init Initializing ProtocolHandler ["http-nio-80"]
06-Mar-2023 09:13:35.906 SEVERE [main] org.apache.catalina.util.LifecycleBase.handleSubClassException Failed to initialize component [Connector[HTTP/1.1-80]]
	org.apache.catalina.LifecycleException: Protocol handler initialization failed
		at org.apache.catalina.connector.Connector.initInternal(Connector.java:1055)
		at org.apache.catalina.util.LifecycleBase.init(LifecycleBase.java:136)
		at org.apache.catalina.core.StandardService.initInternal(StandardService.java:556)
		at org.apache.catalina.util.LifecycleBase.init(LifecycleBase.java:136)
		at org.apache.catalina.core.StandardServer.initInternal(StandardServer.java:1042)
		at org.apache.catalina.util.LifecycleBase.init(LifecycleBase.java:136)
		at org.apache.catalina.startup.Catalina.load(Catalina.java:747)
		at org.apache.catalina.startup.Catalina.load(Catalina.java:769)
		at sun.reflect.NativeMethodAccessorImpl.invoke0(Native Method)
		at sun.reflect.NativeMethodAccessorImpl.invoke(NativeMethodAccessorImpl.java:62)
		at sun.reflect.DelegatingMethodAccessorImpl.invoke(DelegatingMethodAccessorImpl.java:43)
		at java.lang.reflect.Method.invoke(Method.java:498)
		at org.apache.catalina.startup.Bootstrap.load(Bootstrap.java:305)
		at org.apache.catalina.startup.Bootstrap.main(Bootstrap.java:475)
	Caused by: java.net.BindException: Address already in use: bind
		at sun.nio.ch.Net.bind0(Native Method)
		at sun.nio.ch.Net.bind(Net.java:433)
		at sun.nio.ch.Net.bind(Net.java:425)
		at sun.nio.ch.ServerSocketChannelImpl.bind(ServerSocketChannelImpl.java:223)
		at org.apache.tomcat.util.net.NioEndpoint.initServerSocket(NioEndpoint.java:245)
		at org.apache.tomcat.util.net.NioEndpoint.bind(NioEndpoint.java:200)
		at org.apache.tomcat.util.net.AbstractEndpoint.bindWithCleanup(AbstractEndpoint.java:1192)
		at org.apache.tomcat.util.net.AbstractEndpoint.init(AbstractEndpoint.java:1205)
		at org.apache.coyote.AbstractProtocol.init(AbstractProtocol.java:580)
		at org.apache.coyote.http11.AbstractHttp11Protocol.init(AbstractHttp11Protocol.java:82)
		at org.apache.catalina.connector.Connector.initInternal(Connector.java:1052)
		... 13 more
06-Mar-2023 09:13:35.906 INFO [main] org.apache.coyote.AbstractProtocol.init Initializing ProtocolHandler ["https-openssl-apr-81"]
06-Mar-2023 09:13:35.921 SEVERE [main] org.apache.catalina.util.LifecycleBase.handleSubClassException Failed to initialize component [Connector[org.apache.coyote.http11.Http11AprProtocol-81]]
	org.apache.catalina.LifecycleException: Protocol handler initialization failed
		at org.apache.catalina.connector.Connector.initInternal(Connector.java:1055)
		at org.apache.catalina.util.LifecycleBase.init(LifecycleBase.java:136)
		at org.apache.catalina.core.StandardService.initInternal(StandardService.java:556)
		at org.apache.catalina.util.LifecycleBase.init(LifecycleBase.java:136)
		at org.apache.catalina.core.StandardServer.initInternal(StandardServer.java:1042)
		at org.apache.catalina.util.LifecycleBase.init(LifecycleBase.java:136)
		at org.apache.catalina.startup.Catalina.load(Catalina.java:747)
		at org.apache.catalina.startup.Catalina.load(Catalina.java:769)
		at sun.reflect.NativeMethodAccessorImpl.invoke0(Native Method)
		at sun.reflect.NativeMethodAccessorImpl.invoke(NativeMethodAccessorImpl.java:62)
		at sun.reflect.DelegatingMethodAccessorImpl.invoke(DelegatingMethodAccessorImpl.java:43)
		at java.lang.reflect.Method.invoke(Method.java:498)
		at org.apache.catalina.startup.Bootstrap.load(Bootstrap.java:305)
		at org.apache.catalina.startup.Bootstrap.main(Bootstrap.java:475)
	Caused by: java.lang.IllegalArgumentException: No SSLHostConfig element was found with the hostName [_default_] to match the defaultSSLHostConfigName for the connector [https-openssl-apr-81]
		at org.apache.tomcat.util.net.AprEndpoint.bind(AprEndpoint.java:436)
		at org.apache.tomcat.util.net.AbstractEndpoint.bindWithCleanup(AbstractEndpoint.java:1192)
		at org.apache.tomcat.util.net.AbstractEndpoint.init(AbstractEndpoint.java:1205)
		at org.apache.coyote.AbstractProtocol.init(AbstractProtocol.java:580)
		at org.apache.coyote.http11.AbstractHttp11Protocol.init(AbstractHttp11Protocol.java:82)
		at org.apache.catalina.connector.Connector.initInternal(Connector.java:1052)
		... 13 more
06-Mar-2023 09:13:35.921 INFO [main] org.apache.catalina.startup.Catalina.load Server initialization in [1928] milliseconds
06-Mar-2023 09:13:36.006 INFO [main] org.apache.catalina.core.StandardService.startInternal Starting service [Catalina]
06-Mar-2023 09:13:36.006 INFO [main] org.apache.catalina.core.StandardEngine.startInternal Starting Servlet engine: [Apache Tomcat/10.0.20]
06-Mar-2023 09:13:36.037 INFO [main] org.apache.catalina.startup.HostConfig.deployDirectory Deploying web application directory [C:\ERPRev\Server\t\webapps\ROOT]
06-Mar-2023 09:13:44.287 INFO [main] org.apache.jasper.servlet.TldScanner.scanJars At least one JAR was scanned for TLDs yet contained no TLDs. Enable debug logging for this logger for a complete list of JARs that were scanned but no TLDs were found in them. Skipping unneeded JARs during scanning can improve startup time and JSP compilation time.
06-Mar-2023 09:13:45.411 WARNING [main] org.apache.catalina.util.SessionIdGeneratorBase.createSecureRandom Creation of SecureRandom instance for session ID generation using [SHA1PRNG] took [800] milliseconds.
06-Mar-2023 09:13:45.551 INFO [main] org.apache.catalina.startup.HostConfig.deployDirectory Deployment of web application directory [C:\ERPRev\Server\t\webapps\ROOT] has finished in [9,514] ms
06-Mar-2023 09:13:45.757 INFO [main] org.apache.catalina.startup.Catalina.start Server startup in [9831] milliseconds
06-Mar-2023 09:15:06.171 INFO [Catalina-utility-1] org.apache.catalina.users.MemoryUserDatabase.backgroundProcess Reloading memory user database [UserDatabase] from updated source [file:/C:/ERPRev/Server/t/conf/tomcat-users.xml]
06-Mar-2023 09:15:06.171 SEVERE [Catalina-utility-1] org.apache.catalina.users.MemoryUserDatabase.open The specified user database [conf/tomcat-users.xml] could not be found
06-Mar-2023 09:15:06.672 INFO [Catalina-utility-1] org.apache.catalina.startup.HostConfig.undeploy Undeploying context []
06-Mar-2023 09:17:50.258 WARNING [main] org.apache.catalina.core.StandardServer.await Invalid shutdown command [] received
